<?xml version="1.0" encoding="UTF-8"?>
<!-- Generated by org.testng.reporters.JUnitXMLReporter -->
<testsuite hostname="PK359s.local" ignored="0" name="RestAssured_POC" tests="6" failures="0" timestamp="19 Dec 2023 13:26:26 GMT" time="18.403" errors="0">
  <testcase name="getRequest" time="3.564" classname="examples.test2"/>
  <testcase name="getRequestWithQueryParam" time="2.55" classname="examples.test2"/>
  <testcase name="postRequest" time="3.457" classname="examples.test2"/>
  <testcase name="putRequest" time="2.604" classname="examples.test2"/>
  <testcase name="patchRequest" time="2.786" classname="examples.test2"/>
  <testcase name="deleteRequest" time="1.821" classname="examples.test2"/>
</testsuite> <!-- RestAssured_POC -->
